<?xml version="1.0" encoding="UTF-8"?>
<!-- Generated by org.testng.reporters.JUnitReportReporter -->
<testsuite hostname="DESKTOP-ME86Q7D" failures="0" tests="5" name="myTestNgTest.TestDataProvider" time="0.045" errors="0" timestamp="2023-01-10T13:51:37 MSK" skipped="0">
  <testcase classname="myTestNgTest.TestDataProvider" name="myTest" time="0.005"/>
  <system-out/>
  <testcase classname="myTestNgTest.TestDataProvider" name="myTest" time="0.020"/>
  <system-out/>
  <testcase classname="myTestNgTest.TestDataProvider" name="myTest" time="0.010"/>
  <system-out/>
  <testcase classname="myTestNgTest.TestDataProvider" name="myTest" time="0.005"/>
  <system-out/>
  <testcase classname="myTestNgTest.TestDataProvider" name="myTest" time="0.005"/>
  <system-out/>
</testsuite> <!-- myTestNgTest.TestDataProvider -->
